[debug] [2022-03-15T14:53:16.132Z] ----------------------------------------------------------------------
[debug] [2022-03-15T14:53:16.133Z] Command:       C:\Program Files\nodejs\node.exe C:\Users\Fazrin\AppData\Roaming\npm\node_modules\firebase-tools\lib\bin\firebase.js deploy
[debug] [2022-03-15T14:53:16.134Z] CLI Version:   10.2.2
[debug] [2022-03-15T14:53:16.134Z] Platform:      win32
[debug] [2022-03-15T14:53:16.134Z] Node Version:  v16.13.0
[debug] [2022-03-15T14:53:16.135Z] Time:          Tue Mar 15 2022 20:23:16 GMT+0530 (India Standard Time)
[debug] [2022-03-15T14:53:16.135Z] ----------------------------------------------------------------------
[debug] 
[debug] [2022-03-15T14:53:16.191Z] > command requires scopes: ["email","openid","https://www.googleapis.com/auth/cloudplatformprojects.readonly","https://www.googleapis.com/auth/firebase","https://www.googleapis.com/auth/cloud-platform"]
[debug] [2022-03-15T14:53:16.191Z] > authorizing via signed-in user (nirzaf@gmail.com)
[debug] [2022-03-15T14:53:16.191Z] [iam] checking project browse-git-users for permissions ["firebase.projects.get","firebasehosting.sites.update"]
[debug] [2022-03-15T14:53:16.193Z] >>> [apiv2][query] POST https://cloudresourcemanager.googleapis.com/v1/projects/browse-git-users:testIamPermissions [none]
[debug] [2022-03-15T14:53:16.193Z] >>> [apiv2][body] POST https://cloudresourcemanager.googleapis.com/v1/projects/browse-git-users:testIamPermissions {"permissions":["firebase.projects.get","firebasehosting.sites.update"]}
[debug] [2022-03-15T14:53:17.816Z] <<< [apiv2][status] POST https://cloudresourcemanager.googleapis.com/v1/projects/browse-git-users:testIamPermissions 200
[debug] [2022-03-15T14:53:17.816Z] <<< [apiv2][body] POST https://cloudresourcemanager.googleapis.com/v1/projects/browse-git-users:testIamPermissions {"permissions":["firebase.projects.get","firebasehosting.sites.update"]}
[debug] [2022-03-15T14:53:17.817Z] >>> [apiv2][query] GET https://firebase.googleapis.com/v1beta1/projects/browse-git-users [none]
[debug] [2022-03-15T14:53:18.559Z] <<< [apiv2][status] GET https://firebase.googleapis.com/v1beta1/projects/browse-git-users 200
[debug] [2022-03-15T14:53:18.559Z] <<< [apiv2][body] GET https://firebase.googleapis.com/v1beta1/projects/browse-git-users {"projectId":"browse-git-users","projectNumber":"519095915708","displayName":"browse-git-users","name":"projects/browse-git-users","resources":{"hostingSite":"browse-git-users"},"state":"ACTIVE"}
[info] 
[info] === Deploying to 'browse-git-users'...
[info] 
[info] i  deploying hosting 
[debug] [2022-03-15T14:53:18.562Z] >>> [apiv2][query] GET https://firebase.googleapis.com/v1beta1/projects/browse-git-users [none]
[debug] [2022-03-15T14:53:19.113Z] <<< [apiv2][status] GET https://firebase.googleapis.com/v1beta1/projects/browse-git-users 200
[debug] [2022-03-15T14:53:19.113Z] <<< [apiv2][body] GET https://firebase.googleapis.com/v1beta1/projects/browse-git-users {"projectId":"browse-git-users","projectNumber":"519095915708","displayName":"browse-git-users","name":"projects/browse-git-users","resources":{"hostingSite":"browse-git-users"},"state":"ACTIVE"}
[debug] [2022-03-15T14:53:19.116Z] >>> [apiv2][query] POST https://firebasehosting.googleapis.com/v1beta1/projects/519095915708/sites/browse-git-users/versions [none]
[debug] [2022-03-15T14:53:19.116Z] >>> [apiv2][body] POST https://firebasehosting.googleapis.com/v1beta1/projects/519095915708/sites/browse-git-users/versions {"config":{},"labels":{"deployment-tool":"cli-firebase"}}
[debug] [2022-03-15T14:53:21.141Z] <<< [apiv2][status] POST https://firebasehosting.googleapis.com/v1beta1/projects/519095915708/sites/browse-git-users/versions 200
[debug] [2022-03-15T14:53:21.141Z] <<< [apiv2][body] POST https://firebasehosting.googleapis.com/v1beta1/projects/519095915708/sites/browse-git-users/versions {"name":"projects/519095915708/sites/browse-git-users/versions/b7a7ca3e93e8e4ed","status":"CREATED","config":{},"labels":{"deployment-tool":"cli-firebase"}}
[info] i  hosting[browse-git-users]: beginning deploy... 
[info] i  hosting[browse-git-users]: found 8 files in dist 
[debug] [2022-03-15T14:53:21.170Z] [hosting] hash cache [ZGlzdA] stored for 8 files
[debug] [2022-03-15T14:53:21.170Z] [hosting][hash queue][FINAL] {"max":18,"min":5,"avg":7.875,"active":0,"complete":8,"success":8,"errored":0,"retried":0,"total":8,"elapsed":22}
[debug] [2022-03-15T14:53:21.170Z] >>> [apiv2][query] POST https://firebasehosting.googleapis.com/v1beta1/projects/519095915708/sites/browse-git-users/versions/b7a7ca3e93e8e4ed:populateFiles [none]
[debug] [2022-03-15T14:53:21.170Z] >>> [apiv2][body] POST https://firebasehosting.googleapis.com/v1beta1/projects/519095915708/sites/browse-git-users/versions/b7a7ca3e93e8e4ed:populateFiles {"files":{"/404.html":"daa499dd96d8229e73235345702ba32f0793f0c8e5c0d30e40e37a5872be57aa","/index.html":"6e0c7ea285b0b958fa4a3f3b3bb89089c5538a26bd2c6741f9b5416fc0cf9e1b","/favicon.ico":"2c19690e9587bae12f419b34d2edeecc76808099540a9c9f4ea6194116cfc8f7","/3rdpartylicenses.txt":"48ebdedf77066b74358b000ca041b5ea761bf5b14fd37a6718a4a0a880b1af56","/runtime.4999161b512eda9d.js":"cf4ff1c4ca73cf8428d5821906a11c367df959e255ba8ec37a62188abca3aae4","/polyfills.e0a0aafaa57c5a9f.js":"16893b8589bda281bf7cf1db4624258bee021e893b89c02c953fd53220f1d25e","/styles.0cf0cc55a678497f.css":"9f146088a73c71222e6a34011665e6b75eef241f2a8107c80e2ec6deb0087b05","/main.90a6e618d9d432f9.js":"84af33da25b3906e28ee910bd23447e3d0cf3699fcd822ef624200f69ce7e0a5"}}
